VCF Sorting Log
Date: Sun Apr 13 21:05:11 PDT 2025
==============================================

[WTA-55-1] Processing started at Sun Apr 13 21:05:11 PDT 2025
[WTA-55-1] Sorting successful
[WTA-55-1] Compression successful
[WTA-55-1] Indexing successful
[WTA-55-1] File ready for annotation: annotation/vcf_ready/WTA-55-1.sorted.vcf.gz
[WTA-55-1] ERROR: Verification failed - file is not properly sorted
[WTA-55-1] Processing completed at Sun Apr 13 21:05:12 PDT 2025

[CAS-CTRL] Processing started at Sun Apr 13 21:05:12 PDT 2025
[CAS-CTRL] Sorting successful
[CAS-CTRL] Compression successful
[CAS-CTRL] Indexing successful
[CAS-CTRL] File ready for annotation: annotation/vcf_ready/CAS-CTRL.sorted.vcf.gz
[CAS-CTRL] ERROR: Verification failed - file is not properly sorted
[CAS-CTRL] Processing completed at Sun Apr 13 21:05:12 PDT 2025

[WT-37-55-1] Processing started at Sun Apr 13 21:05:12 PDT 2025
[WT-37-55-1] Sorting successful
[WT-37-55-1] Compression successful
[WT-37-55-1] Indexing successful
[WT-37-55-1] File ready for annotation: annotation/vcf_ready/WT-37-55-1.sorted.vcf.gz
[WT-37-55-1] ERROR: Verification failed - file is not properly sorted
[WT-37-55-1] Processing completed at Sun Apr 13 21:05:12 PDT 2025

[STC-55-2] Processing started at Sun Apr 13 21:05:12 PDT 2025
[STC-55-2] Sorting successful
[STC-55-2] Compression successful
[STC-55-2] Indexing successful
[STC-55-2] File ready for annotation: annotation/vcf_ready/STC-55-2.sorted.vcf.gz
[STC-55-2] ERROR: Verification failed - file is not properly sorted
[STC-55-2] Processing completed at Sun Apr 13 21:05:12 PDT 2025

[CAS-55-1] Processing started at Sun Apr 13 21:05:12 PDT 2025
[CAS-55-1] Sorting successful
[CAS-55-1] Compression successful
[CAS-55-1] Indexing successful
[CAS-55-1] File ready for annotation: annotation/vcf_ready/CAS-55-1.sorted.vcf.gz
[CAS-55-1] ERROR: Verification failed - file is not properly sorted
[CAS-55-1] Processing completed at Sun Apr 13 21:05:12 PDT 2025

[STC-55-3] Processing started at Sun Apr 13 21:05:12 PDT 2025
[STC-55-3] Sorting successful
[STC-55-3] Compression successful
[STC-55-3] Indexing successful
[STC-55-3] File ready for annotation: annotation/vcf_ready/STC-55-3.sorted.vcf.gz
[STC-55-3] ERROR: Verification failed - file is not properly sorted
[STC-55-3] Processing completed at Sun Apr 13 21:05:12 PDT 2025

[STC-55-1] Processing started at Sun Apr 13 21:05:12 PDT 2025
[STC-55-1] Sorting successful
[STC-55-1] Compression successful
[STC-55-1] Indexing successful
[STC-55-1] File ready for annotation: annotation/vcf_ready/STC-55-1.sorted.vcf.gz
[STC-55-1] ERROR: Verification failed - file is not properly sorted
[STC-55-1] Processing completed at Sun Apr 13 21:05:12 PDT 2025

[CAS-55-2] Processing started at Sun Apr 13 21:05:12 PDT 2025
[CAS-55-2] Sorting successful
[CAS-55-2] Compression successful
[CAS-55-2] Indexing successful
[CAS-55-2] File ready for annotation: annotation/vcf_ready/CAS-55-2.sorted.vcf.gz
[CAS-55-2] ERROR: Verification failed - file is not properly sorted
[CAS-55-2] Processing completed at Sun Apr 13 21:05:12 PDT 2025

[STC-CTRL] Processing started at Sun Apr 13 21:05:12 PDT 2025
[STC-CTRL] Sorting successful
[STC-CTRL] Compression successful
[STC-CTRL] Indexing successful
[STC-CTRL] File ready for annotation: annotation/vcf_ready/STC-CTRL.sorted.vcf.gz
[STC-CTRL] ERROR: Verification failed - file is not properly sorted
[STC-CTRL] Processing completed at Sun Apr 13 21:05:12 PDT 2025

[WTA-55-2] Processing started at Sun Apr 13 21:05:12 PDT 2025
[WTA-55-2] Sorting successful
[WTA-55-2] Compression successful
[WTA-55-2] Indexing successful
[WTA-55-2] File ready for annotation: annotation/vcf_ready/WTA-55-2.sorted.vcf.gz
[WTA-55-2] ERROR: Verification failed - file is not properly sorted
[WTA-55-2] Processing completed at Sun Apr 13 21:05:12 PDT 2025

[WT-37-55-2] Processing started at Sun Apr 13 21:05:12 PDT 2025
[WT-37-55-2] Sorting successful
[WT-37-55-2] Compression successful
[WT-37-55-2] Indexing successful
[WT-37-55-2] File ready for annotation: annotation/vcf_ready/WT-37-55-2.sorted.vcf.gz
[WT-37-55-2] ERROR: Verification failed - file is not properly sorted
[WT-37-55-2] Processing completed at Sun Apr 13 21:05:12 PDT 2025

[WTA-55-3] Processing started at Sun Apr 13 21:05:12 PDT 2025
[WTA-55-3] Sorting successful
[WTA-55-3] Compression successful
[WTA-55-3] Indexing successful
[WTA-55-3] File ready for annotation: annotation/vcf_ready/WTA-55-3.sorted.vcf.gz
[WTA-55-3] ERROR: Verification failed - file is not properly sorted
[WTA-55-3] Processing completed at Sun Apr 13 21:05:12 PDT 2025

[WT-37-55-3] Processing started at Sun Apr 13 21:05:12 PDT 2025
[WT-37-55-3] Sorting successful
[WT-37-55-3] Compression successful
[WT-37-55-3] Indexing successful
[WT-37-55-3] File ready for annotation: annotation/vcf_ready/WT-37-55-3.sorted.vcf.gz
[WT-37-55-3] ERROR: Verification failed - file is not properly sorted
[WT-37-55-3] Processing completed at Sun Apr 13 21:05:12 PDT 2025

[CAS-55-3] Processing started at Sun Apr 13 21:05:12 PDT 2025
[CAS-55-3] Sorting successful
[CAS-55-3] Compression successful
[CAS-55-3] Indexing successful
[CAS-55-3] File ready for annotation: annotation/vcf_ready/CAS-55-3.sorted.vcf.gz
[CAS-55-3] ERROR: Verification failed - file is not properly sorted
[CAS-55-3] Processing completed at Sun Apr 13 21:05:12 PDT 2025

[WT-CTRL] Processing started at Sun Apr 13 21:05:12 PDT 2025
[WT-CTRL] Sorting successful
[WT-CTRL] Compression successful
[WT-CTRL] Indexing successful
[WT-CTRL] File ready for annotation: annotation/vcf_ready/WT-CTRL.sorted.vcf.gz
[WT-CTRL] ERROR: Verification failed - file is not properly sorted
[WT-CTRL] Processing completed at Sun Apr 13 21:05:12 PDT 2025

