2025-04-13 19:55:32,193 - INFO - Running genomic_context_analysis.py...
2025-04-13 19:55:58,459 - INFO - Successfully completed genomic_context_analysis.py
2025-04-13 19:55:58,460 - INFO - Running statistical_pattern_analysis.py...
2025-04-13 19:56:04,685 - INFO - Successfully completed statistical_pattern_analysis.py
2025-04-13 19:56:04,686 - INFO - Running mutational_signature_analysis.py...
2025-04-13 19:56:19,146 - INFO - Successfully completed mutational_signature_analysis.py
2025-04-13 19:56:19,147 - INFO - Running regional_enrichment_analysis.py...
2025-04-13 19:56:20,406 - INFO - Successfully completed regional_enrichment_analysis.py
2025-04-13 19:56:20,406 - INFO - Running variation.py...
2025-04-13 19:56:21,153 - INFO - Successfully completed variation.py
2025-04-13 19:56:21,153 - INFO - Running scaffold_distribution_analysis.py...
2025-04-13 19:56:26,431 - INFO - Successfully completed scaffold_distribution_analysis.py
2025-04-13 19:56:26,432 - INFO - Running population_spectrum_analysis.py...
2025-04-13 19:56:32,212 - INFO - Successfully completed population_spectrum_analysis.py
2025-04-13 19:56:32,212 - INFO - Running TC_Visualization.py...
2025-04-13 19:56:34,463 - INFO - Successfully completed TC_Visualization.py
2025-04-13 19:56:34,463 - INFO - Running mutation_spectrum_analysis.py...
2025-04-13 19:56:36,991 - INFO - Successfully completed mutation_spectrum_analysis.py
2025-04-13 19:56:36,991 - INFO - All analysis scripts completed
2025-04-13 19:57:21,798 - INFO - Running genomic_context_analysis.py...
2025-04-13 19:57:46,868 - INFO - Successfully completed genomic_context_analysis.py
2025-04-13 19:57:46,869 - INFO - Running statistical_pattern_analysis.py...
2025-04-13 19:57:52,423 - INFO - Successfully completed statistical_pattern_analysis.py
2025-04-13 19:57:52,424 - INFO - Running mutational_signature_analysis.py...
2025-04-13 19:58:06,897 - INFO - Successfully completed mutational_signature_analysis.py
2025-04-13 19:58:06,898 - INFO - Running regional_enrichment_analysis.py...
2025-04-13 19:58:08,173 - INFO - Successfully completed regional_enrichment_analysis.py
2025-04-13 19:58:08,173 - INFO - Running variation.py...
2025-04-13 19:58:09,092 - INFO - Successfully completed variation.py
2025-04-13 19:58:09,092 - INFO - Running scaffold_distribution_analysis.py...
2025-04-13 19:58:14,440 - INFO - Successfully completed scaffold_distribution_analysis.py
2025-04-13 19:58:14,442 - INFO - Running population_spectrum_analysis.py...
2025-04-13 19:58:20,216 - INFO - Successfully completed population_spectrum_analysis.py
2025-04-13 19:58:20,217 - INFO - Running TC_Visualization.py...
2025-04-13 19:58:22,836 - INFO - Successfully completed TC_Visualization.py
2025-04-13 19:58:22,836 - INFO - Running mutation_spectrum_analysis.py...
2025-04-13 19:58:25,583 - INFO - Successfully completed mutation_spectrum_analysis.py
2025-04-13 19:58:25,585 - INFO - All analysis scripts completed
