2025-05-06 16:44:53,466 - INFO - Starting variant filtering for gene-mapped chromosomes
2025-05-06 16:44:53,466 - INFO - Processing treatment: WT-37-55-1
2025-05-06 16:44:53,466 - INFO - Treatment VCF: vcf/filtered/WT-37-55-1.filtered.vcf.gz
2025-05-06 16:44:53,466 - INFO - Control VCF: vcf/filtered/WT-CTRL.filtered.vcf.gz
2025-05-06 16:44:53,493 - INFO - Extracted 350 variants from vcf/filtered/WT-37-55-1.filtered.vcf.gz
2025-05-06 16:44:53,495 - INFO - Filtered to 139 variants on gene-mapped chromosomes
2025-05-06 16:44:53,495 - INFO - Chromosome statistics:
2025-05-06 16:44:53,495 - INFO -   CM007971.1: 14/14 variants (retained/total)
2025-05-06 16:44:53,495 - INFO -   CM007975.1: 36/36 variants (retained/total)
2025-05-06 16:44:53,495 - INFO -   CM007976.1: 32/32 variants (retained/total)
2025-05-06 16:44:53,495 - INFO -   CM007977.1: 24/24 variants (retained/total)
2025-05-06 16:44:53,495 - INFO -   CM007970.1: 33/33 variants (retained/total)
2025-05-06 16:44:53,496 - INFO - Saved 139 filtered treatment variants to filtered_variants/WT-37-55-1_treatment_filtered.csv
2025-05-06 16:44:53,512 - INFO - Extracted 341 variants from vcf/filtered/WT-CTRL.filtered.vcf.gz
2025-05-06 16:44:53,513 - INFO - Filtered to 130 variants on gene-mapped chromosomes
2025-05-06 16:44:53,513 - INFO - Chromosome statistics:
2025-05-06 16:44:53,513 - INFO -   CM007971.1: 14/14 variants (retained/total)
2025-05-06 16:44:53,513 - INFO -   CM007975.1: 34/34 variants (retained/total)
2025-05-06 16:44:53,513 - INFO -   CM007976.1: 31/31 variants (retained/total)
2025-05-06 16:44:53,513 - INFO -   CM007977.1: 18/18 variants (retained/total)
2025-05-06 16:44:53,513 - INFO -   CM007970.1: 33/33 variants (retained/total)
2025-05-06 16:44:53,514 - INFO - Saved 130 filtered control variants to filtered_variants/WT-37-55-1_control_filtered.csv
2025-05-06 16:44:53,514 - INFO - Processing treatment: WT-37-55-2
2025-05-06 16:44:53,514 - INFO - Treatment VCF: vcf/filtered/WT-37-55-2.filtered.vcf.gz
2025-05-06 16:44:53,514 - INFO - Control VCF: vcf/filtered/WT-CTRL.filtered.vcf.gz
2025-05-06 16:44:53,528 - INFO - Extracted 372 variants from vcf/filtered/WT-37-55-2.filtered.vcf.gz
2025-05-06 16:44:53,529 - INFO - Filtered to 137 variants on gene-mapped chromosomes
2025-05-06 16:44:53,529 - INFO - Chromosome statistics:
2025-05-06 16:44:53,529 - INFO -   CM007971.1: 15/15 variants (retained/total)
2025-05-06 16:44:53,529 - INFO -   CM007975.1: 38/38 variants (retained/total)
2025-05-06 16:44:53,529 - INFO -   CM007976.1: 33/33 variants (retained/total)
2025-05-06 16:44:53,529 - INFO -   CM007977.1: 18/18 variants (retained/total)
2025-05-06 16:44:53,529 - INFO -   CM007970.1: 33/33 variants (retained/total)
2025-05-06 16:44:53,530 - INFO - Saved 137 filtered treatment variants to filtered_variants/WT-37-55-2_treatment_filtered.csv
2025-05-06 16:44:53,543 - INFO - Extracted 341 variants from vcf/filtered/WT-CTRL.filtered.vcf.gz
2025-05-06 16:44:53,544 - INFO - Filtered to 130 variants on gene-mapped chromosomes
2025-05-06 16:44:53,544 - INFO - Chromosome statistics:
2025-05-06 16:44:53,544 - INFO -   CM007971.1: 14/14 variants (retained/total)
2025-05-06 16:44:53,544 - INFO -   CM007975.1: 34/34 variants (retained/total)
2025-05-06 16:44:53,544 - INFO -   CM007976.1: 31/31 variants (retained/total)
2025-05-06 16:44:53,544 - INFO -   CM007977.1: 18/18 variants (retained/total)
2025-05-06 16:44:53,544 - INFO -   CM007970.1: 33/33 variants (retained/total)
2025-05-06 16:44:53,545 - INFO - Saved 130 filtered control variants to filtered_variants/WT-37-55-2_control_filtered.csv
2025-05-06 16:44:53,545 - INFO - Processing treatment: WT-37-55-3
2025-05-06 16:44:53,545 - INFO - Treatment VCF: vcf/filtered/WT-37-55-3.filtered.vcf.gz
2025-05-06 16:44:53,545 - INFO - Control VCF: vcf/filtered/WT-CTRL.filtered.vcf.gz
2025-05-06 16:44:53,559 - INFO - Extracted 367 variants from vcf/filtered/WT-37-55-3.filtered.vcf.gz
2025-05-06 16:44:53,560 - INFO - Filtered to 140 variants on gene-mapped chromosomes
2025-05-06 16:44:53,560 - INFO - Chromosome statistics:
2025-05-06 16:44:53,560 - INFO -   CM007971.1: 15/15 variants (retained/total)
2025-05-06 16:44:53,560 - INFO -   CM007975.1: 38/38 variants (retained/total)
2025-05-06 16:44:53,560 - INFO -   CM007976.1: 33/33 variants (retained/total)
2025-05-06 16:44:53,560 - INFO -   CM007977.1: 20/20 variants (retained/total)
2025-05-06 16:44:53,560 - INFO -   CM007970.1: 34/34 variants (retained/total)
2025-05-06 16:44:53,561 - INFO - Saved 140 filtered treatment variants to filtered_variants/WT-37-55-3_treatment_filtered.csv
2025-05-06 16:44:53,577 - INFO - Extracted 341 variants from vcf/filtered/WT-CTRL.filtered.vcf.gz
2025-05-06 16:44:53,578 - INFO - Filtered to 130 variants on gene-mapped chromosomes
2025-05-06 16:44:53,578 - INFO - Chromosome statistics:
2025-05-06 16:44:53,578 - INFO -   CM007971.1: 14/14 variants (retained/total)
2025-05-06 16:44:53,578 - INFO -   CM007975.1: 34/34 variants (retained/total)
2025-05-06 16:44:53,578 - INFO -   CM007976.1: 31/31 variants (retained/total)
2025-05-06 16:44:53,578 - INFO -   CM007977.1: 18/18 variants (retained/total)
2025-05-06 16:44:53,578 - INFO -   CM007970.1: 33/33 variants (retained/total)
2025-05-06 16:44:53,579 - INFO - Saved 130 filtered control variants to filtered_variants/WT-37-55-3_control_filtered.csv
2025-05-06 16:44:53,579 - INFO - Processing treatment: WTA-55-1
2025-05-06 16:44:53,579 - INFO - Treatment VCF: vcf/filtered/WTA-55-1.filtered.vcf.gz
2025-05-06 16:44:53,579 - INFO - Control VCF: vcf/filtered/WT-CTRL.filtered.vcf.gz
2025-05-06 16:44:53,593 - INFO - Extracted 353 variants from vcf/filtered/WTA-55-1.filtered.vcf.gz
2025-05-06 16:44:53,594 - INFO - Filtered to 139 variants on gene-mapped chromosomes
2025-05-06 16:44:53,594 - INFO - Chromosome statistics:
2025-05-06 16:44:53,594 - INFO -   CM007971.1: 12/12 variants (retained/total)
2025-05-06 16:44:53,594 - INFO -   CM007975.1: 39/39 variants (retained/total)
2025-05-06 16:44:53,594 - INFO -   CM007976.1: 31/31 variants (retained/total)
2025-05-06 16:44:53,594 - INFO -   CM007977.1: 26/26 variants (retained/total)
2025-05-06 16:44:53,594 - INFO -   CM007970.1: 31/31 variants (retained/total)
2025-05-06 16:44:53,594 - INFO - Saved 139 filtered treatment variants to filtered_variants/WTA-55-1_treatment_filtered.csv
2025-05-06 16:44:53,608 - INFO - Extracted 341 variants from vcf/filtered/WT-CTRL.filtered.vcf.gz
2025-05-06 16:44:53,608 - INFO - Filtered to 130 variants on gene-mapped chromosomes
2025-05-06 16:44:53,608 - INFO - Chromosome statistics:
2025-05-06 16:44:53,608 - INFO -   CM007971.1: 14/14 variants (retained/total)
2025-05-06 16:44:53,608 - INFO -   CM007975.1: 34/34 variants (retained/total)
2025-05-06 16:44:53,608 - INFO -   CM007976.1: 31/31 variants (retained/total)
2025-05-06 16:44:53,608 - INFO -   CM007977.1: 18/18 variants (retained/total)
2025-05-06 16:44:53,609 - INFO -   CM007970.1: 33/33 variants (retained/total)
2025-05-06 16:44:53,609 - INFO - Saved 130 filtered control variants to filtered_variants/WTA-55-1_control_filtered.csv
2025-05-06 16:44:53,609 - INFO - Processing treatment: WTA-55-2
2025-05-06 16:44:53,609 - INFO - Treatment VCF: vcf/filtered/WTA-55-2.filtered.vcf.gz
2025-05-06 16:44:53,609 - INFO - Control VCF: vcf/filtered/WT-CTRL.filtered.vcf.gz
2025-05-06 16:44:53,624 - INFO - Extracted 349 variants from vcf/filtered/WTA-55-2.filtered.vcf.gz
2025-05-06 16:44:53,624 - INFO - Filtered to 134 variants on gene-mapped chromosomes
2025-05-06 16:44:53,624 - INFO - Chromosome statistics:
2025-05-06 16:44:53,624 - INFO -   CM007971.1: 13/13 variants (retained/total)
2025-05-06 16:44:53,624 - INFO -   CM007975.1: 37/37 variants (retained/total)
2025-05-06 16:44:53,624 - INFO -   CM007976.1: 33/33 variants (retained/total)
2025-05-06 16:44:53,624 - INFO -   CM007977.1: 20/20 variants (retained/total)
2025-05-06 16:44:53,624 - INFO -   CM007970.1: 31/31 variants (retained/total)
2025-05-06 16:44:53,625 - INFO - Saved 134 filtered treatment variants to filtered_variants/WTA-55-2_treatment_filtered.csv
2025-05-06 16:44:53,639 - INFO - Extracted 341 variants from vcf/filtered/WT-CTRL.filtered.vcf.gz
2025-05-06 16:44:53,640 - INFO - Filtered to 130 variants on gene-mapped chromosomes
2025-05-06 16:44:53,640 - INFO - Chromosome statistics:
2025-05-06 16:44:53,640 - INFO -   CM007971.1: 14/14 variants (retained/total)
2025-05-06 16:44:53,640 - INFO -   CM007975.1: 34/34 variants (retained/total)
2025-05-06 16:44:53,640 - INFO -   CM007976.1: 31/31 variants (retained/total)
2025-05-06 16:44:53,640 - INFO -   CM007977.1: 18/18 variants (retained/total)
2025-05-06 16:44:53,640 - INFO -   CM007970.1: 33/33 variants (retained/total)
2025-05-06 16:44:53,641 - INFO - Saved 130 filtered control variants to filtered_variants/WTA-55-2_control_filtered.csv
2025-05-06 16:44:53,641 - INFO - Processing treatment: WTA-55-3
2025-05-06 16:44:53,641 - INFO - Treatment VCF: vcf/filtered/WTA-55-3.filtered.vcf.gz
2025-05-06 16:44:53,641 - INFO - Control VCF: vcf/filtered/WT-CTRL.filtered.vcf.gz
2025-05-06 16:44:53,655 - INFO - Extracted 360 variants from vcf/filtered/WTA-55-3.filtered.vcf.gz
2025-05-06 16:44:53,655 - INFO - Filtered to 139 variants on gene-mapped chromosomes
2025-05-06 16:44:53,655 - INFO - Chromosome statistics:
2025-05-06 16:44:53,655 - INFO -   CM007971.1: 16/16 variants (retained/total)
2025-05-06 16:44:53,655 - INFO -   CM007975.1: 38/38 variants (retained/total)
2025-05-06 16:44:53,655 - INFO -   CM007976.1: 33/33 variants (retained/total)
2025-05-06 16:44:53,655 - INFO -   CM007977.1: 19/19 variants (retained/total)
2025-05-06 16:44:53,655 - INFO -   CM007970.1: 33/33 variants (retained/total)
2025-05-06 16:44:53,656 - INFO - Saved 139 filtered treatment variants to filtered_variants/WTA-55-3_treatment_filtered.csv
2025-05-06 16:44:53,670 - INFO - Extracted 341 variants from vcf/filtered/WT-CTRL.filtered.vcf.gz
2025-05-06 16:44:53,670 - INFO - Filtered to 130 variants on gene-mapped chromosomes
2025-05-06 16:44:53,670 - INFO - Chromosome statistics:
2025-05-06 16:44:53,670 - INFO -   CM007971.1: 14/14 variants (retained/total)
2025-05-06 16:44:53,670 - INFO -   CM007975.1: 34/34 variants (retained/total)
2025-05-06 16:44:53,670 - INFO -   CM007976.1: 31/31 variants (retained/total)
2025-05-06 16:44:53,670 - INFO -   CM007977.1: 18/18 variants (retained/total)
2025-05-06 16:44:53,670 - INFO -   CM007970.1: 33/33 variants (retained/total)
2025-05-06 16:44:53,671 - INFO - Saved 130 filtered control variants to filtered_variants/WTA-55-3_control_filtered.csv
2025-05-06 16:44:53,671 - INFO - Processing treatment: STC-55-1
2025-05-06 16:44:53,671 - INFO - Treatment VCF: vcf/filtered/STC-55-1.filtered.vcf.gz
2025-05-06 16:44:53,671 - INFO - Control VCF: vcf/filtered/WT-CTRL.filtered.vcf.gz
2025-05-06 16:44:53,686 - INFO - Extracted 365 variants from vcf/filtered/STC-55-1.filtered.vcf.gz
2025-05-06 16:44:53,686 - INFO - Filtered to 137 variants on gene-mapped chromosomes
2025-05-06 16:44:53,686 - INFO - Chromosome statistics:
2025-05-06 16:44:53,686 - INFO -   CM007971.1: 16/16 variants (retained/total)
2025-05-06 16:44:53,686 - INFO -   CM007975.1: 37/37 variants (retained/total)
2025-05-06 16:44:53,686 - INFO -   CM007976.1: 31/31 variants (retained/total)
2025-05-06 16:44:53,686 - INFO -   CM007977.1: 22/22 variants (retained/total)
2025-05-06 16:44:53,686 - INFO -   CM007970.1: 31/31 variants (retained/total)
2025-05-06 16:44:53,687 - INFO - Saved 137 filtered treatment variants to filtered_variants/STC-55-1_treatment_filtered.csv
2025-05-06 16:44:53,701 - INFO - Extracted 341 variants from vcf/filtered/WT-CTRL.filtered.vcf.gz
2025-05-06 16:44:53,701 - INFO - Filtered to 130 variants on gene-mapped chromosomes
2025-05-06 16:44:53,701 - INFO - Chromosome statistics:
2025-05-06 16:44:53,701 - INFO -   CM007971.1: 14/14 variants (retained/total)
2025-05-06 16:44:53,701 - INFO -   CM007975.1: 34/34 variants (retained/total)
2025-05-06 16:44:53,701 - INFO -   CM007976.1: 31/31 variants (retained/total)
2025-05-06 16:44:53,701 - INFO -   CM007977.1: 18/18 variants (retained/total)
2025-05-06 16:44:53,701 - INFO -   CM007970.1: 33/33 variants (retained/total)
2025-05-06 16:44:53,702 - INFO - Saved 130 filtered control variants to filtered_variants/STC-55-1_control_filtered.csv
2025-05-06 16:44:53,702 - INFO - Processing treatment: STC-55-2
2025-05-06 16:44:53,702 - INFO - Treatment VCF: vcf/filtered/STC-55-2.filtered.vcf.gz
2025-05-06 16:44:53,702 - INFO - Control VCF: vcf/filtered/WT-CTRL.filtered.vcf.gz
2025-05-06 16:44:53,720 - INFO - Extracted 364 variants from vcf/filtered/STC-55-2.filtered.vcf.gz
2025-05-06 16:44:53,721 - INFO - Filtered to 141 variants on gene-mapped chromosomes
2025-05-06 16:44:53,721 - INFO - Chromosome statistics:
2025-05-06 16:44:53,721 - INFO -   CM007971.1: 16/16 variants (retained/total)
2025-05-06 16:44:53,721 - INFO -   CM007975.1: 37/37 variants (retained/total)
2025-05-06 16:44:53,721 - INFO -   CM007976.1: 33/33 variants (retained/total)
2025-05-06 16:44:53,721 - INFO -   CM007977.1: 23/23 variants (retained/total)
2025-05-06 16:44:53,721 - INFO -   CM007970.1: 32/32 variants (retained/total)
2025-05-06 16:44:53,722 - INFO - Saved 141 filtered treatment variants to filtered_variants/STC-55-2_treatment_filtered.csv
2025-05-06 16:44:53,736 - INFO - Extracted 341 variants from vcf/filtered/WT-CTRL.filtered.vcf.gz
2025-05-06 16:44:53,736 - INFO - Filtered to 130 variants on gene-mapped chromosomes
2025-05-06 16:44:53,736 - INFO - Chromosome statistics:
2025-05-06 16:44:53,736 - INFO -   CM007971.1: 14/14 variants (retained/total)
2025-05-06 16:44:53,736 - INFO -   CM007975.1: 34/34 variants (retained/total)
2025-05-06 16:44:53,736 - INFO -   CM007976.1: 31/31 variants (retained/total)
2025-05-06 16:44:53,736 - INFO -   CM007977.1: 18/18 variants (retained/total)
2025-05-06 16:44:53,736 - INFO -   CM007970.1: 33/33 variants (retained/total)
2025-05-06 16:44:53,737 - INFO - Saved 130 filtered control variants to filtered_variants/STC-55-2_control_filtered.csv
2025-05-06 16:44:53,737 - INFO - Processing treatment: STC-55-3
2025-05-06 16:44:53,737 - INFO - Treatment VCF: vcf/filtered/STC-55-3.filtered.vcf.gz
2025-05-06 16:44:53,737 - INFO - Control VCF: vcf/filtered/WT-CTRL.filtered.vcf.gz
2025-05-06 16:44:53,751 - INFO - Extracted 365 variants from vcf/filtered/STC-55-3.filtered.vcf.gz
2025-05-06 16:44:53,751 - INFO - Filtered to 144 variants on gene-mapped chromosomes
2025-05-06 16:44:53,751 - INFO - Chromosome statistics:
2025-05-06 16:44:53,751 - INFO -   CM007971.1: 17/17 variants (retained/total)
2025-05-06 16:44:53,751 - INFO -   CM007975.1: 37/37 variants (retained/total)
2025-05-06 16:44:53,751 - INFO -   CM007976.1: 30/30 variants (retained/total)
2025-05-06 16:44:53,751 - INFO -   CM007977.1: 25/25 variants (retained/total)
2025-05-06 16:44:53,751 - INFO -   CM007970.1: 35/35 variants (retained/total)
2025-05-06 16:44:53,752 - INFO - Saved 144 filtered treatment variants to filtered_variants/STC-55-3_treatment_filtered.csv
2025-05-06 16:44:53,766 - INFO - Extracted 341 variants from vcf/filtered/WT-CTRL.filtered.vcf.gz
2025-05-06 16:44:53,766 - INFO - Filtered to 130 variants on gene-mapped chromosomes
2025-05-06 16:44:53,767 - INFO - Chromosome statistics:
2025-05-06 16:44:53,767 - INFO -   CM007971.1: 14/14 variants (retained/total)
2025-05-06 16:44:53,767 - INFO -   CM007975.1: 34/34 variants (retained/total)
2025-05-06 16:44:53,767 - INFO -   CM007976.1: 31/31 variants (retained/total)
2025-05-06 16:44:53,767 - INFO -   CM007977.1: 18/18 variants (retained/total)
2025-05-06 16:44:53,767 - INFO -   CM007970.1: 33/33 variants (retained/total)
2025-05-06 16:44:53,767 - INFO - Saved 130 filtered control variants to filtered_variants/STC-55-3_control_filtered.csv
2025-05-06 16:44:53,767 - INFO - Processing treatment: CAS-55-1
2025-05-06 16:44:53,767 - INFO - Treatment VCF: vcf/filtered/CAS-55-1.filtered.vcf.gz
2025-05-06 16:44:53,767 - INFO - Control VCF: vcf/filtered/WT-CTRL.filtered.vcf.gz
2025-05-06 16:44:53,785 - INFO - Extracted 370 variants from vcf/filtered/CAS-55-1.filtered.vcf.gz
2025-05-06 16:44:53,786 - INFO - Filtered to 142 variants on gene-mapped chromosomes
2025-05-06 16:44:53,786 - INFO - Chromosome statistics:
2025-05-06 16:44:53,786 - INFO -   CM007971.1: 17/17 variants (retained/total)
2025-05-06 16:44:53,786 - INFO -   CM007975.1: 35/35 variants (retained/total)
2025-05-06 16:44:53,786 - INFO -   CM007976.1: 32/32 variants (retained/total)
2025-05-06 16:44:53,786 - INFO -   CM007977.1: 22/22 variants (retained/total)
2025-05-06 16:44:53,786 - INFO -   CM007970.1: 36/36 variants (retained/total)
2025-05-06 16:44:53,786 - INFO - Saved 142 filtered treatment variants to filtered_variants/CAS-55-1_treatment_filtered.csv
2025-05-06 16:44:53,801 - INFO - Extracted 341 variants from vcf/filtered/WT-CTRL.filtered.vcf.gz
2025-05-06 16:44:53,802 - INFO - Filtered to 130 variants on gene-mapped chromosomes
2025-05-06 16:44:53,802 - INFO - Chromosome statistics:
2025-05-06 16:44:53,802 - INFO -   CM007971.1: 14/14 variants (retained/total)
2025-05-06 16:44:53,802 - INFO -   CM007975.1: 34/34 variants (retained/total)
2025-05-06 16:44:53,802 - INFO -   CM007976.1: 31/31 variants (retained/total)
2025-05-06 16:44:53,802 - INFO -   CM007977.1: 18/18 variants (retained/total)
2025-05-06 16:44:53,802 - INFO -   CM007970.1: 33/33 variants (retained/total)
2025-05-06 16:44:53,803 - INFO - Saved 130 filtered control variants to filtered_variants/CAS-55-1_control_filtered.csv
2025-05-06 16:44:53,803 - INFO - Processing treatment: CAS-55-2
2025-05-06 16:44:53,803 - INFO - Treatment VCF: vcf/filtered/CAS-55-2.filtered.vcf.gz
2025-05-06 16:44:53,803 - INFO - Control VCF: vcf/filtered/WT-CTRL.filtered.vcf.gz
2025-05-06 16:44:53,822 - INFO - Extracted 368 variants from vcf/filtered/CAS-55-2.filtered.vcf.gz
2025-05-06 16:44:53,822 - INFO - Filtered to 151 variants on gene-mapped chromosomes
2025-05-06 16:44:53,822 - INFO - Chromosome statistics:
2025-05-06 16:44:53,822 - INFO -   CM007971.1: 17/17 variants (retained/total)
2025-05-06 16:44:53,822 - INFO -   CM007975.1: 37/37 variants (retained/total)
2025-05-06 16:44:53,822 - INFO -   CM007976.1: 31/31 variants (retained/total)
2025-05-06 16:44:53,822 - INFO -   CM007977.1: 29/29 variants (retained/total)
2025-05-06 16:44:53,822 - INFO -   CM007970.1: 37/37 variants (retained/total)
2025-05-06 16:44:53,823 - INFO - Saved 151 filtered treatment variants to filtered_variants/CAS-55-2_treatment_filtered.csv
2025-05-06 16:44:53,839 - INFO - Extracted 341 variants from vcf/filtered/WT-CTRL.filtered.vcf.gz
2025-05-06 16:44:53,839 - INFO - Filtered to 130 variants on gene-mapped chromosomes
2025-05-06 16:44:53,839 - INFO - Chromosome statistics:
2025-05-06 16:44:53,839 - INFO -   CM007971.1: 14/14 variants (retained/total)
2025-05-06 16:44:53,839 - INFO -   CM007975.1: 34/34 variants (retained/total)
2025-05-06 16:44:53,839 - INFO -   CM007976.1: 31/31 variants (retained/total)
2025-05-06 16:44:53,840 - INFO -   CM007977.1: 18/18 variants (retained/total)
2025-05-06 16:44:53,840 - INFO -   CM007970.1: 33/33 variants (retained/total)
2025-05-06 16:44:53,840 - INFO - Saved 130 filtered control variants to filtered_variants/CAS-55-2_control_filtered.csv
2025-05-06 16:44:53,841 - INFO - Processing treatment: CAS-55-3
2025-05-06 16:44:53,841 - INFO - Treatment VCF: vcf/filtered/CAS-55-3.filtered.vcf.gz
2025-05-06 16:44:53,841 - INFO - Control VCF: vcf/filtered/WT-CTRL.filtered.vcf.gz
2025-05-06 16:44:53,856 - INFO - Extracted 374 variants from vcf/filtered/CAS-55-3.filtered.vcf.gz
2025-05-06 16:44:53,857 - INFO - Filtered to 144 variants on gene-mapped chromosomes
2025-05-06 16:44:53,857 - INFO - Chromosome statistics:
2025-05-06 16:44:53,857 - INFO -   CM007971.1: 16/16 variants (retained/total)
2025-05-06 16:44:53,857 - INFO -   CM007975.1: 37/37 variants (retained/total)
2025-05-06 16:44:53,857 - INFO -   CM007976.1: 32/32 variants (retained/total)
2025-05-06 16:44:53,857 - INFO -   CM007977.1: 22/22 variants (retained/total)
2025-05-06 16:44:53,857 - INFO -   CM007970.1: 37/37 variants (retained/total)
2025-05-06 16:44:53,858 - INFO - Saved 144 filtered treatment variants to filtered_variants/CAS-55-3_treatment_filtered.csv
2025-05-06 16:44:53,879 - INFO - Extracted 341 variants from vcf/filtered/WT-CTRL.filtered.vcf.gz
2025-05-06 16:44:53,879 - INFO - Filtered to 130 variants on gene-mapped chromosomes
2025-05-06 16:44:53,879 - INFO - Chromosome statistics:
2025-05-06 16:44:53,879 - INFO -   CM007971.1: 14/14 variants (retained/total)
2025-05-06 16:44:53,879 - INFO -   CM007975.1: 34/34 variants (retained/total)
2025-05-06 16:44:53,879 - INFO -   CM007976.1: 31/31 variants (retained/total)
2025-05-06 16:44:53,879 - INFO -   CM007977.1: 18/18 variants (retained/total)
2025-05-06 16:44:53,879 - INFO -   CM007970.1: 33/33 variants (retained/total)
2025-05-06 16:44:53,880 - INFO - Saved 130 filtered control variants to filtered_variants/CAS-55-3_control_filtered.csv
2025-05-06 16:44:53,880 - INFO - Variant filtering complete
