2025-05-10 19:13:30,627 - INFO - Starting regulatory region mapping and analysis
2025-05-10 19:13:30,638 - INFO - Loaded 6078 genes from reference/gene_mapping_full.tsv
2025-05-10 19:13:30,790 - INFO - Loaded 12 genes of interest from reference/genes_of_interest_mapping.tsv
2025-05-10 19:13:30,791 - INFO - Loaded 8 OSH genes from results/osh_analysis/osh_gene_summary.tsv
2025-05-10 19:13:30,797 - INFO - Loaded 2107 annotated variants from WT-37-55-1
2025-05-10 19:13:30,804 - INFO - Loaded 2250 annotated variants from WT-37-55-2
2025-05-10 19:13:30,809 - INFO - Loaded 2210 annotated variants from WT-37-55-3
2025-05-10 19:13:30,815 - INFO - Loaded 2074 annotated variants from WT-CTRL
2025-05-10 19:13:30,852 - INFO - Loaded 2108 annotated variants from WTA-55-1
2025-05-10 19:13:30,858 - INFO - Loaded 2091 annotated variants from WTA-55-2
2025-05-10 19:13:30,863 - INFO - Loaded 2150 annotated variants from WTA-55-3
2025-05-10 19:13:30,867 - INFO - Loaded 2074 annotated variants from WT-CTRL
2025-05-10 19:13:30,872 - INFO - Loaded 2197 annotated variants from STC-55-1
2025-05-10 19:13:30,877 - INFO - Loaded 2178 annotated variants from STC-55-2
2025-05-10 19:13:30,883 - INFO - Loaded 2172 annotated variants from STC-55-3
2025-05-10 19:13:30,889 - INFO - Loaded 2097 annotated variants from STC-CTRL
2025-05-10 19:13:30,894 - INFO - Loaded 2129 annotated variants from CAS-55-1
2025-05-10 19:13:30,900 - INFO - Loaded 2178 annotated variants from CAS-55-2
2025-05-10 19:13:30,905 - INFO - Loaded 2189 annotated variants from CAS-55-3
2025-05-10 19:13:30,911 - INFO - Loaded 2124 annotated variants from CAS-CTRL
2025-05-10 19:13:30,913 - INFO - Combined 34328 variants from all samples
2025-05-10 19:13:34,852 - INFO - Mapped 29242 variant-gene-region associations
2025-05-10 19:13:38,233 - INFO - Report generated: results/regulatory_analysis/regulatory_analysis_report.md
2025-05-10 19:13:38,234 - INFO - Regulatory region mapping and analysis complete
2025-05-10 19:35:26,982 - INFO - Starting regulatory region mapping and analysis
2025-05-10 19:35:26,993 - INFO - Loaded 6078 genes from reference/gene_mapping_full.tsv
2025-05-10 19:35:27,142 - INFO - Loaded 12 genes of interest from reference/genes_of_interest_mapping.tsv
2025-05-10 19:35:27,143 - INFO - Loaded 8 OSH genes from results/osh_analysis/osh_gene_summary.tsv
2025-05-10 19:35:27,149 - INFO - Loaded 2107 annotated variants from WT-37-55-1
2025-05-10 19:35:27,155 - INFO - Loaded 2250 annotated variants from WT-37-55-2
2025-05-10 19:35:27,160 - INFO - Loaded 2210 annotated variants from WT-37-55-3
2025-05-10 19:35:27,165 - INFO - Loaded 2074 annotated variants from WT-CTRL
2025-05-10 19:35:27,199 - INFO - Loaded 2108 annotated variants from WTA-55-1
2025-05-10 19:35:27,205 - INFO - Loaded 2091 annotated variants from WTA-55-2
2025-05-10 19:35:27,210 - INFO - Loaded 2150 annotated variants from WTA-55-3
2025-05-10 19:35:27,214 - INFO - Loaded 2074 annotated variants from WT-CTRL
2025-05-10 19:35:27,219 - INFO - Loaded 2197 annotated variants from STC-55-1
2025-05-10 19:35:27,225 - INFO - Loaded 2178 annotated variants from STC-55-2
2025-05-10 19:35:27,231 - INFO - Loaded 2172 annotated variants from STC-55-3
2025-05-10 19:35:27,236 - INFO - Loaded 2097 annotated variants from STC-CTRL
2025-05-10 19:35:27,241 - INFO - Loaded 2129 annotated variants from CAS-55-1
2025-05-10 19:35:27,246 - INFO - Loaded 2178 annotated variants from CAS-55-2
2025-05-10 19:35:27,251 - INFO - Loaded 2189 annotated variants from CAS-55-3
2025-05-10 19:35:27,257 - INFO - Loaded 2124 annotated variants from CAS-CTRL
2025-05-10 19:35:27,259 - INFO - Combined 34328 variants from all samples
2025-05-10 19:35:31,226 - INFO - Mapped 29242 variant-gene-region associations
2025-05-10 19:35:35,177 - INFO - Report generated: results/regulatory_analysis/preliminary/regulatory_analysis_report.md
2025-05-10 19:35:35,177 - INFO - Regulatory region mapping and analysis complete
2025-05-16 22:18:02,702 - INFO - Starting regulatory region mapping and analysis
2025-05-16 22:18:02,720 - INFO - Loaded 6078 genes from reference/gene_mapping_full.tsv
2025-05-16 22:18:02,900 - INFO - Loaded 12 genes of interest from reference/genes_of_interest_mapping.tsv
2025-05-16 22:18:02,902 - INFO - Loaded 8 OSH genes from results/osh_analysis/osh_gene_summary.tsv
2025-05-16 22:18:02,909 - INFO - Loaded 2107 annotated variants from WT-37-55-1
2025-05-16 22:18:02,917 - INFO - Loaded 2250 annotated variants from WT-37-55-2
2025-05-16 22:18:02,923 - INFO - Loaded 2210 annotated variants from WT-37-55-3
2025-05-16 22:18:02,930 - INFO - Loaded 2074 annotated variants from WT-CTRL
2025-05-16 22:18:02,969 - INFO - Loaded 2108 annotated variants from WTA-55-1
2025-05-16 22:18:02,976 - INFO - Loaded 2091 annotated variants from WTA-55-2
2025-05-16 22:18:02,984 - INFO - Loaded 2150 annotated variants from WTA-55-3
2025-05-16 22:18:02,990 - INFO - Loaded 2074 annotated variants from WT-CTRL
2025-05-16 22:18:02,996 - INFO - Loaded 2197 annotated variants from STC-55-1
2025-05-16 22:18:03,004 - INFO - Loaded 2178 annotated variants from STC-55-2
2025-05-16 22:18:03,010 - INFO - Loaded 2172 annotated variants from STC-55-3
2025-05-16 22:18:03,016 - INFO - Loaded 2097 annotated variants from STC-CTRL
2025-05-16 22:18:03,021 - INFO - Loaded 2129 annotated variants from CAS-55-1
2025-05-16 22:18:03,027 - INFO - Loaded 2178 annotated variants from CAS-55-2
2025-05-16 22:18:03,035 - INFO - Loaded 2189 annotated variants from CAS-55-3
2025-05-16 22:18:03,042 - INFO - Loaded 2124 annotated variants from CAS-CTRL
2025-05-16 22:18:03,045 - INFO - Combined 34328 variants from all samples
2025-05-16 22:18:07,094 - INFO - Mapped 29242 variant-gene-region associations
2025-05-16 22:18:10,645 - INFO - Report generated: results/regulatory_analysis/preliminary/regulatory_analysis_report.md
2025-05-16 22:18:10,645 - INFO - Regulatory region mapping and analysis complete
