Gene Extraction Log (Using W303 Mappings)
Date: 2025-04-13 22:14:09
==============================================

[WTA-55-3] Processing started at 2025-04-13 22:14:09
[WTA-55-3] Processing completed at 2025-04-13 22:14:09

[WT-37-55-2] Processing started at 2025-04-13 22:14:09
[WT-37-55-2] Processing completed at 2025-04-13 22:14:09

[STC-55-2] Processing started at 2025-04-13 22:14:09
[STC-55-2] Processing completed at 2025-04-13 22:14:09

[WT-37-55-1] Processing started at 2025-04-13 22:14:09
[WT-37-55-1] Processing completed at 2025-04-13 22:14:09

[STC-55-1] Processing started at 2025-04-13 22:14:09
[STC-55-1] Processing completed at 2025-04-13 22:14:09

[CAS-55-3] Processing started at 2025-04-13 22:14:09
[CAS-55-3] Processing completed at 2025-04-13 22:14:09

[STC-CTRL] Processing started at 2025-04-13 22:14:09
[STC-CTRL] Processing completed at 2025-04-13 22:14:09

[WT-CTRL] Processing started at 2025-04-13 22:14:09
[WT-CTRL] Processing completed at 2025-04-13 22:14:09

[CAS-55-2] Processing started at 2025-04-13 22:14:09
[CAS-55-2] Processing completed at 2025-04-13 22:14:09

[CAS-55-1] Processing started at 2025-04-13 22:14:09
[CAS-55-1] Processing completed at 2025-04-13 22:14:09

[STC-55-3] Processing started at 2025-04-13 22:14:09
[STC-55-3] Processing completed at 2025-04-13 22:14:10

[CAS-CTRL] Processing started at 2025-04-13 22:14:10
[CAS-CTRL] Processing completed at 2025-04-13 22:14:10

[WT-37-55-3] Processing started at 2025-04-13 22:14:10
[WT-37-55-3] Processing completed at 2025-04-13 22:14:10

[WTA-55-2] Processing started at 2025-04-13 22:14:10
[WTA-55-2] Processing completed at 2025-04-13 22:14:10

[WTA-55-1] Processing started at 2025-04-13 22:14:10
[WTA-55-1] Processing completed at 2025-04-13 22:14:10

[WTA-55-3] Processing started at 2025-04-13 22:14:10
[WTA-55-3] Processing completed at 2025-04-13 22:14:10

[WT-37-55-2] Processing started at 2025-04-13 22:14:10
[WT-37-55-2] Processing completed at 2025-04-13 22:14:10

[STC-55-2] Processing started at 2025-04-13 22:14:10
[STC-55-2] Processing completed at 2025-04-13 22:14:10

[WT-37-55-1] Processing started at 2025-04-13 22:14:10
[WT-37-55-1] Processing completed at 2025-04-13 22:14:10

[STC-55-1] Processing started at 2025-04-13 22:14:10
[STC-55-1] Processing completed at 2025-04-13 22:14:10

[CAS-55-3] Processing started at 2025-04-13 22:14:10
[CAS-55-3] Processing completed at 2025-04-13 22:14:10

[STC-CTRL] Processing started at 2025-04-13 22:14:10
[STC-CTRL] Processing completed at 2025-04-13 22:14:10

[WT-CTRL] Processing started at 2025-04-13 22:14:10
[WT-CTRL] Processing completed at 2025-04-13 22:14:10

[CAS-55-2] Processing started at 2025-04-13 22:14:10
[CAS-55-2] Processing completed at 2025-04-13 22:14:10

[CAS-55-1] Processing started at 2025-04-13 22:14:10
[CAS-55-1] Processing completed at 2025-04-13 22:14:10

[STC-55-3] Processing started at 2025-04-13 22:14:10
[STC-55-3] Processing completed at 2025-04-13 22:14:10

[CAS-CTRL] Processing started at 2025-04-13 22:14:10
[CAS-CTRL] Processing completed at 2025-04-13 22:14:10

[WT-37-55-3] Processing started at 2025-04-13 22:14:10
[WT-37-55-3] Processing completed at 2025-04-13 22:14:10

[WTA-55-2] Processing started at 2025-04-13 22:14:10
[WTA-55-2] Processing completed at 2025-04-13 22:14:10

[WTA-55-1] Processing started at 2025-04-13 22:14:10
[WTA-55-1] Processing completed at 2025-04-13 22:14:10

